# JRE version: OpenJDK Runtime Environment (11.0.12) (build 11.0.12+0-b1504.28-7817840)
# Java VM: OpenJDK 64-Bit Server VM (11.0.12+0-b1504.28-7817840, mixed mode, tiered, compressed oops, g1 gc, bsd-amd64)
Heap:
 garbage-first heap   total 262144K, used 40677K [0x0000000780000000, 0x0000000800000000)
  region size 1024K, 16 young (16384K), 11 survivors (11264K)
 Metaspace       used 50468K, capacity 51993K, committed 52048K, reserved 561152K
  class space    used 6545K, capacity 7161K, committed 7168K, reserved 516096K
GC Heap History (14 events):
Event: 0.678 GC heap before
{Heap before GC invocations=0 (full 0):
 garbage-first heap   total 262144K, used 29696K [0x0000000780000000, 0x0000000800000000)
  region size 1024K, 24 young (24576K), 0 survivors (0K)
 Metaspace       used 10128K, capacity 10437K, committed 10624K, reserved 526336K
  class space    used 1055K, capacity 1139K, committed 1152K, reserved 516096K
}
Event: 0.685 GC heap after
{Heap after GC invocations=1 (full 0):
 garbage-first heap   total 262144K, used 9151K [0x0000000780000000, 0x0000000800000000)
  region size 1024K, 3 young (3072K), 3 survivors (3072K)
 Metaspace       used 10128K, capacity 10437K, committed 10624K, reserved 526336K
  class space    used 1055K, capacity 1139K, committed 1152K, reserved 516096K
}
Event: 2.247 GC heap before
{Heap before GC invocations=1 (full 0):
 garbage-first heap   total 262144K, used 107455K [0x0000000780000000, 0x0000000800000000)
  region size 1024K, 100 young (102400K), 3 survivors (3072K)
 Metaspace       used 20563K, capacity 21028K, committed 21296K, reserved 536576K
  class space    used 2514K, capacity 2669K, committed 2688K, reserved 516096K
}
Event: 2.267 GC heap after
{Heap after GC invocations=2 (full 0):
 garbage-first heap   total 262144K, used 16928K [0x0000000780000000, 0x0000000800000000)
  region size 1024K, 11 young (11264K), 11 survivors (11264K)
 Metaspace       used 20563K, capacity 21028K, committed 21296K, reserved 536576K
  class space    used 2514K, capacity 2669K, committed 2688K, reserved 516096K
}
Event: 2.467 GC heap before
{Heap before GC invocations=3 (full 0):
 garbage-first heap   total 262144K, used 36384K [0x0000000780000000, 0x0000000800000000)
  region size 1024K, 30 young (30720K), 11 survivors (11264K)
 Metaspace       used 22550K, capacity 23095K, committed 23472K, reserved 536576K
  class space    used 2832K, capacity 3023K, committed 3072K, reserved 516096K
}
Event: 2.476 GC heap after
{Heap after GC invocations=4 (full 0):
 garbage-first heap   total 262144K, used 17826K [0x0000000780000000, 0x0000000800000000)
  region size 1024K, 1 young (1024K), 1 survivors (1024K)
 Metaspace       used 22550K, capacity 23095K, committed 23472K, reserved 536576K
  class space    used 2832K, capacity 3023K, committed 3072K, reserved 516096K
}
Event: 3.752 GC heap before
{Heap before GC invocations=4 (full 0):
 garbage-first heap   total 262144K, used 111010K [0x0000000780000000, 0x0000000800000000)
  region size 1024K, 92 young (94208K), 1 survivors (1024K)
 Metaspace       used 34125K, capacity 34903K, committed 35120K, reserved 546816K
  class space    used 4426K, capacity 4732K, committed 4736K, reserved 516096K
}
Event: 3.755 GC heap after
{Heap after GC invocations=5 (full 0):
 garbage-first heap   total 262144K, used 21920K [0x0000000780000000, 0x0000000800000000)
  region size 1024K, 5 young (5120K), 5 survivors (5120K)
 Metaspace       used 34125K, capacity 34903K, committed 35120K, reserved 546816K
  class space    used 4426K, capacity 4732K, committed 4736K, reserved 516096K
}
Event: 3.785 GC heap before
{Heap before GC invocations=5 (full 0):
 garbage-first heap   total 262144K, used 22944K [0x0000000780000000, 0x0000000800000000)
  region size 1024K, 7 young (7168K), 5 survivors (5120K)
 Metaspace       used 34866K, capacity 35639K, committed 35920K, reserved 548864K
  class space    used 4514K, capacity 4828K, committed 4864K, reserved 516096K
}
Event: 3.790 GC heap after
{Heap after GC invocations=6 (full 0):
 garbage-first heap   total 262144K, used 22601K [0x0000000780000000, 0x0000000800000000)
  region size 1024K, 6 young (6144K), 6 survivors (6144K)
 Metaspace       used 34866K, capacity 35639K, committed 35920K, reserved 548864K
  class space    used 4514K, capacity 4828K, committed 4864K, reserved 516096K
}
Event: 8.774 GC heap before
{Heap before GC invocations=7 (full 0):
 garbage-first heap   total 262144K, used 121929K [0x0000000780000000, 0x0000000800000000)
  region size 1024K, 100 young (102400K), 6 survivors (6144K)
 Metaspace       used 42885K, capacity 43990K, committed 44112K, reserved 555008K
  class space    used 5382K, capacity 5800K, committed 5888K, reserved 516096K
}
Event: 8.781 GC heap after
{Heap after GC invocations=8 (full 0):
 garbage-first heap   total 262144K, used 29585K [0x0000000780000000, 0x0000000800000000)
  region size 1024K, 13 young (13312K), 13 survivors (13312K)
 Metaspace       used 42885K, capacity 43990K, committed 44112K, reserved 555008K
  class space    used 5382K, capacity 5800K, committed 5888K, reserved 516096K
}
Event: 9.729 GC heap before
{Heap before GC invocations=8 (full 0):
 garbage-first heap   total 262144K, used 134033K [0x0000000780000000, 0x0000000800000000)
  region size 1024K, 114 young (116736K), 13 survivors (13312K)
 Metaspace       used 50328K, capacity 51827K, committed 52048K, reserved 561152K
  class space    used 6528K, capacity 7123K, committed 7168K, reserved 516096K
}
Event: 9.738 GC heap after
{Heap after GC invocations=9 (full 0):
 garbage-first heap   total 262144K, used 33509K [0x0000000780000000, 0x0000000800000000)
  region size 1024K, 11 young (11264K), 11 survivors (11264K)
 Metaspace       used 50328K, capacity 51827K, committed 52048K, reserved 561152K
  class space    used 6528K, capacity 7123K, committed 7168K, reserved 516096K
}

